<?xml version="1.0" encoding="UTF-8"?>
<testng-results ignored="0" total="6" passed="6" failed="0" skipped="0">
  <reporter-output>
  </reporter-output>
  <suite started-at="2024-01-23T13:49:31 IST" name="Default suite" finished-at="2024-01-23T13:50:00 IST" duration-ms="28430">
    <groups>
    </groups>
    <test started-at="2024-01-23T13:49:31 IST" name="Default test" finished-at="2024-01-23T13:50:00 IST" duration-ms="28430">
      <class name="com.tests.RegistrationPageTest">
        <test-method is-config="true" signature="SetUp()[pri:0, instance:com.tests.RegistrationPageTest@38425407]" started-at="2024-01-23T13:49:31 IST" name="SetUp" finished-at="2024-01-23T13:49:35 IST" duration-ms="3766" status="PASS">
          <reporter-output>
          </reporter-output>
        </test-method> <!-- SetUp -->
        <test-method signature="test_reg_form()[pri:1, instance:com.tests.RegistrationPageTest@38425407]" started-at="2024-01-23T13:49:35 IST" name="test_reg_form" finished-at="2024-01-23T13:49:36 IST" duration-ms="615" status="PASS">
          <reporter-output>
          </reporter-output>
        </test-method> <!-- test_reg_form -->
        <test-method is-config="true" signature="tearDown()[pri:0, instance:com.tests.RegistrationPageTest@38425407]" started-at="2024-01-23T13:49:36 IST" name="tearDown" finished-at="2024-01-23T13:49:36 IST" duration-ms="189" status="PASS">
          <reporter-output>
          </reporter-output>
        </test-method> <!-- tearDown -->
        <test-method is-config="true" signature="SetUp()[pri:0, instance:com.tests.RegistrationPageTest@38425407]" started-at="2024-01-23T13:49:36 IST" name="SetUp" finished-at="2024-01-23T13:49:38 IST" duration-ms="2418" status="PASS">
          <reporter-output>
          </reporter-output>
        </test-method> <!-- SetUp -->
        <test-method signature="test_Webpage_title()[pri:2, instance:com.tests.RegistrationPageTest@38425407]" started-at="2024-01-23T13:49:38 IST" name="test_Webpage_title" finished-at="2024-01-23T13:49:38 IST" duration-ms="12" status="PASS">
          <reporter-output>
          </reporter-output>
        </test-method> <!-- test_Webpage_title -->
        <test-method is-config="true" signature="tearDown()[pri:0, instance:com.tests.RegistrationPageTest@38425407]" started-at="2024-01-23T13:49:38 IST" name="tearDown" finished-at="2024-01-23T13:49:39 IST" duration-ms="229" status="PASS">
          <reporter-output>
          </reporter-output>
        </test-method> <!-- tearDown -->
        <test-method is-config="true" signature="SetUp()[pri:0, instance:com.tests.RegistrationPageTest@38425407]" started-at="2024-01-23T13:49:39 IST" name="SetUp" finished-at="2024-01-23T13:49:41 IST" duration-ms="2550" status="PASS">
          <reporter-output>
          </reporter-output>
        </test-method> <!-- SetUp -->
        <test-method signature="test_registration_new_user()[pri:3, instance:com.tests.RegistrationPageTest@38425407]" started-at="2024-01-23T13:49:41 IST" name="test_registration_new_user" finished-at="2024-01-23T13:49:51 IST" duration-ms="10328" status="PASS">
          <reporter-output>
          </reporter-output>
        </test-method> <!-- test_registration_new_user -->
        <test-method is-config="true" signature="tearDown()[pri:0, instance:com.tests.RegistrationPageTest@38425407]" started-at="2024-01-23T13:49:51 IST" name="tearDown" finished-at="2024-01-23T13:49:52 IST" duration-ms="245" status="PASS">
          <reporter-output>
          </reporter-output>
        </test-method> <!-- tearDown -->
        <test-method is-config="true" signature="SetUp()[pri:0, instance:com.tests.RegistrationPageTest@38425407]" started-at="2024-01-23T13:49:52 IST" name="SetUp" finished-at="2024-01-23T13:49:53 IST" duration-ms="1792" status="PASS">
          <reporter-output>
          </reporter-output>
        </test-method> <!-- SetUp -->
        <test-method signature="test_reg_button()[pri:4, instance:com.tests.RegistrationPageTest@38425407]" started-at="2024-01-23T13:49:53 IST" name="test_reg_button" finished-at="2024-01-23T13:49:54 IST" duration-ms="575" status="PASS">
          <reporter-output>
          </reporter-output>
        </test-method> <!-- test_reg_button -->
        <test-method is-config="true" signature="tearDown()[pri:0, instance:com.tests.RegistrationPageTest@38425407]" started-at="2024-01-23T13:49:54 IST" name="tearDown" finished-at="2024-01-23T13:49:54 IST" duration-ms="222" status="PASS">
          <reporter-output>
          </reporter-output>
        </test-method> <!-- tearDown -->
        <test-method is-config="true" signature="SetUp()[pri:0, instance:com.tests.RegistrationPageTest@38425407]" started-at="2024-01-23T13:49:54 IST" name="SetUp" finished-at="2024-01-23T13:49:56 IST" duration-ms="1862" status="PASS">
          <reporter-output>
          </reporter-output>
        </test-method> <!-- SetUp -->
        <test-method signature="test_regPage_errorMsgs()[pri:5, instance:com.tests.RegistrationPageTest@38425407]" started-at="2024-01-23T13:49:56 IST" name="test_regPage_errorMsgs" finished-at="2024-01-23T13:49:57 IST" duration-ms="665" status="PASS">
          <reporter-output>
          </reporter-output>
        </test-method> <!-- test_regPage_errorMsgs -->
        <test-method is-config="true" signature="tearDown()[pri:0, instance:com.tests.RegistrationPageTest@38425407]" started-at="2024-01-23T13:49:57 IST" name="tearDown" finished-at="2024-01-23T13:49:57 IST" duration-ms="168" status="PASS">
          <reporter-output>
          </reporter-output>
        </test-method> <!-- tearDown -->
        <test-method is-config="true" signature="SetUp()[pri:0, instance:com.tests.RegistrationPageTest@38425407]" started-at="2024-01-23T13:49:57 IST" name="SetUp" finished-at="2024-01-23T13:49:59 IST" duration-ms="2427" status="PASS">
          <reporter-output>
          </reporter-output>
        </test-method> <!-- SetUp -->
        <test-method signature="testNopeComLogo()[pri:6, instance:com.tests.RegistrationPageTest@38425407]" started-at="2024-01-23T13:49:59 IST" name="testNopeComLogo" finished-at="2024-01-23T13:49:59 IST" duration-ms="125" status="PASS">
          <reporter-output>
          </reporter-output>
        </test-method> <!-- testNopeComLogo -->
        <test-method is-config="true" signature="tearDown()[pri:0, instance:com.tests.RegistrationPageTest@38425407]" started-at="2024-01-23T13:49:59 IST" name="tearDown" finished-at="2024-01-23T13:50:00 IST" duration-ms="190" status="PASS">
          <reporter-output>
          </reporter-output>
        </test-method> <!-- tearDown -->
      </class> <!-- com.tests.RegistrationPageTest -->
    </test> <!-- Default test -->
  </suite> <!-- Default suite -->
</testng-results>
