<?xml version="1.0" encoding="UTF-8"?>
<!-- Generated by org.testng.reporters.JUnitXMLReporter -->
<testsuite ignored="0" hostname="Manasamayu" failures="0" tests="6" name="Default test" time="28.43" errors="0" timestamp="2024-01-23T13:50:00 IST">
  <testcase classname="com.tests.RegistrationPageTest" name="test_reg_form" time="0.615"/>
  <testcase classname="com.tests.RegistrationPageTest" name="test_Webpage_title" time="0.012"/>
  <testcase classname="com.tests.RegistrationPageTest" name="test_registration_new_user" time="10.328"/>
  <testcase classname="com.tests.RegistrationPageTest" name="test_reg_button" time="0.575"/>
  <testcase classname="com.tests.RegistrationPageTest" name="test_regPage_errorMsgs" time="0.665"/>
  <testcase classname="com.tests.RegistrationPageTest" name="testNopeComLogo" time="0.125"/>
</testsuite> <!-- Default test -->
