<?xml version="1.0" encoding="UTF-8"?>
<!-- Generated by org.testng.reporters.JUnitXMLReporter -->
<testsuite ignored="0" hostname="Manasamayu" failures="0" tests="7" name="Surefire test" time="37.405" errors="0" timestamp="2024-01-23T13:53:23 IST">
  <testcase classname="com.tests.LoginPageTest" name="validLogin" time="8.25"/>
  <testcase classname="com.tests.RegistrationPageTest" name="test_reg_form" time="0.586"/>
  <testcase classname="com.tests.RegistrationPageTest" name="test_Webpage_title" time="0.004"/>
  <testcase classname="com.tests.RegistrationPageTest" name="test_registration_new_user" time="10.803"/>
  <testcase classname="com.tests.RegistrationPageTest" name="test_reg_button" time="0.587"/>
  <testcase classname="com.tests.RegistrationPageTest" name="test_regPage_errorMsgs" time="0.705"/>
  <testcase classname="com.tests.RegistrationPageTest" name="testNopeComLogo" time="0.123"/>
</testsuite> <!-- Surefire test -->
