<?xml version="1.0" encoding="UTF-8"?>
<testsuite xmlns:xsi="http://www.w3.org/2001/XMLSchema-instance" xsi:noNamespaceSchemaLocation="https://maven.apache.org/surefire/maven-surefire-plugin/xsd/surefire-test-report-3.0.xsd" version="3.0" name="TestSuite" time="38.103" tests="7" errors="0" skipped="0" failures="0">
  <properties>
[...]
</properties>
  <testcase name="validLogin" classname="com.tests.LoginPageTest" time="8.258"/>
  <testcase name="test_reg_form" classname="com.tests.RegistrationPageTest" time="0.586">
    <system-err><![CDATA[log4j:WARN No appenders could be found for logger (freemarker.cache).
log4j:WARN Please initialize the log4j system properly.
log4j:WARN See http://logging.apache.org/log4j/1.2/faq.html#noconfig for more info.
]]></system-err>
  </testcase>
  <testcase name="test_Webpage_title" classname="com.tests.RegistrationPageTest" time="0.012">
    <system-out><![CDATA[Title of the web page is: nopCommerce demo store
]]></system-out>
  </testcase>
  <testcase name="test_registration_new_user" classname="com.tests.RegistrationPageTest" time="10.803"/>
  <testcase name="test_reg_button" classname="com.tests.RegistrationPageTest" time="0.591"/>
  <testcase name="test_regPage_errorMsgs" classname="com.tests.RegistrationPageTest" time="0.705">
    <system-out><![CDATA[First name is required.
Last name is required.
Email is required.
Password is required.
Password is required.
]]></system-out>
  </testcase>
  <testcase name="testNopeComLogo" classname="com.tests.RegistrationPageTest" time="0.131"/>
</testsuite>