<?xml version="1.0" encoding="UTF-8"?>
<testng-results ignored="0" total="7" passed="7" failed="0" skipped="0">
  <reporter-output>
  </reporter-output>
  <suite started-at="2024-01-23T13:52:46 IST" name="Surefire suite" finished-at="2024-01-23T13:53:23 IST" duration-ms="37405">
    <groups>
    </groups>
    <test started-at="2024-01-23T13:52:46 IST" name="Surefire test" finished-at="2024-01-23T13:53:23 IST" duration-ms="37405">
      <class name="com.tests.LoginPageTest">
        <test-method is-config="true" signature="SetUp()[pri:0, instance:com.tests.LoginPageTest@bcec361]" started-at="2024-01-23T13:52:46 IST" name="SetUp" finished-at="2024-01-23T13:52:49 IST" duration-ms="3073" status="PASS">
          <reporter-output>
          </reporter-output>
        </test-method> <!-- SetUp -->
        <test-method signature="validLogin()[pri:0, instance:com.tests.LoginPageTest@bcec361]" started-at="2024-01-23T13:52:49 IST" name="validLogin" finished-at="2024-01-23T13:52:57 IST" duration-ms="8250" status="PASS">
          <reporter-output>
          </reporter-output>
        </test-method> <!-- validLogin -->
        <test-method is-config="true" signature="tearDown()[pri:0, instance:com.tests.LoginPageTest@bcec361]" started-at="2024-01-23T13:52:57 IST" name="tearDown" finished-at="2024-01-23T13:52:58 IST" duration-ms="776" status="PASS">
          <reporter-output>
          </reporter-output>
        </test-method> <!-- tearDown -->
      </class> <!-- com.tests.LoginPageTest -->
      <class name="com.tests.RegistrationPageTest">
        <test-method is-config="true" signature="SetUp()[pri:0, instance:com.tests.RegistrationPageTest@7dc0f706]" started-at="2024-01-23T13:52:58 IST" name="SetUp" finished-at="2024-01-23T13:53:00 IST" duration-ms="1818" status="PASS">
          <reporter-output>
          </reporter-output>
        </test-method> <!-- SetUp -->
        <test-method signature="test_reg_form()[pri:1, instance:com.tests.RegistrationPageTest@7dc0f706]" started-at="2024-01-23T13:53:00 IST" name="test_reg_form" finished-at="2024-01-23T13:53:00 IST" duration-ms="586" status="PASS">
          <reporter-output>
          </reporter-output>
        </test-method> <!-- test_reg_form -->
        <test-method is-config="true" signature="tearDown()[pri:0, instance:com.tests.RegistrationPageTest@7dc0f706]" started-at="2024-01-23T13:53:00 IST" name="tearDown" finished-at="2024-01-23T13:53:00 IST" duration-ms="139" status="PASS">
          <reporter-output>
          </reporter-output>
        </test-method> <!-- tearDown -->
        <test-method is-config="true" signature="SetUp()[pri:0, instance:com.tests.RegistrationPageTest@7dc0f706]" started-at="2024-01-23T13:53:00 IST" name="SetUp" finished-at="2024-01-23T13:53:03 IST" duration-ms="2526" status="PASS">
          <reporter-output>
          </reporter-output>
        </test-method> <!-- SetUp -->
        <test-method signature="test_Webpage_title()[pri:2, instance:com.tests.RegistrationPageTest@7dc0f706]" started-at="2024-01-23T13:53:03 IST" name="test_Webpage_title" finished-at="2024-01-23T13:53:03 IST" duration-ms="4" status="PASS">
          <reporter-output>
          </reporter-output>
        </test-method> <!-- test_Webpage_title -->
        <test-method is-config="true" signature="tearDown()[pri:0, instance:com.tests.RegistrationPageTest@7dc0f706]" started-at="2024-01-23T13:53:03 IST" name="tearDown" finished-at="2024-01-23T13:53:03 IST" duration-ms="144" status="PASS">
          <reporter-output>
          </reporter-output>
        </test-method> <!-- tearDown -->
        <test-method is-config="true" signature="SetUp()[pri:0, instance:com.tests.RegistrationPageTest@7dc0f706]" started-at="2024-01-23T13:53:03 IST" name="SetUp" finished-at="2024-01-23T13:53:05 IST" duration-ms="1934" status="PASS">
          <reporter-output>
          </reporter-output>
        </test-method> <!-- SetUp -->
        <test-method signature="test_registration_new_user()[pri:3, instance:com.tests.RegistrationPageTest@7dc0f706]" started-at="2024-01-23T13:53:05 IST" name="test_registration_new_user" finished-at="2024-01-23T13:53:16 IST" duration-ms="10803" status="PASS">
          <reporter-output>
          </reporter-output>
        </test-method> <!-- test_registration_new_user -->
        <test-method is-config="true" signature="tearDown()[pri:0, instance:com.tests.RegistrationPageTest@7dc0f706]" started-at="2024-01-23T13:53:16 IST" name="tearDown" finished-at="2024-01-23T13:53:16 IST" duration-ms="239" status="PASS">
          <reporter-output>
          </reporter-output>
        </test-method> <!-- tearDown -->
        <test-method is-config="true" signature="SetUp()[pri:0, instance:com.tests.RegistrationPageTest@7dc0f706]" started-at="2024-01-23T13:53:16 IST" name="SetUp" finished-at="2024-01-23T13:53:18 IST" duration-ms="1700" status="PASS">
          <reporter-output>
          </reporter-output>
        </test-method> <!-- SetUp -->
        <test-method signature="test_reg_button()[pri:4, instance:com.tests.RegistrationPageTest@7dc0f706]" started-at="2024-01-23T13:53:18 IST" name="test_reg_button" finished-at="2024-01-23T13:53:18 IST" duration-ms="587" status="PASS">
          <reporter-output>
          </reporter-output>
        </test-method> <!-- test_reg_button -->
        <test-method is-config="true" signature="tearDown()[pri:0, instance:com.tests.RegistrationPageTest@7dc0f706]" started-at="2024-01-23T13:53:18 IST" name="tearDown" finished-at="2024-01-23T13:53:19 IST" duration-ms="154" status="PASS">
          <reporter-output>
          </reporter-output>
        </test-method> <!-- tearDown -->
        <test-method is-config="true" signature="SetUp()[pri:0, instance:com.tests.RegistrationPageTest@7dc0f706]" started-at="2024-01-23T13:53:19 IST" name="SetUp" finished-at="2024-01-23T13:53:20 IST" duration-ms="1681" status="PASS">
          <reporter-output>
          </reporter-output>
        </test-method> <!-- SetUp -->
        <test-method signature="test_regPage_errorMsgs()[pri:5, instance:com.tests.RegistrationPageTest@7dc0f706]" started-at="2024-01-23T13:53:20 IST" name="test_regPage_errorMsgs" finished-at="2024-01-23T13:53:21 IST" duration-ms="705" status="PASS">
          <reporter-output>
          </reporter-output>
        </test-method> <!-- test_regPage_errorMsgs -->
        <test-method is-config="true" signature="tearDown()[pri:0, instance:com.tests.RegistrationPageTest@7dc0f706]" started-at="2024-01-23T13:53:21 IST" name="tearDown" finished-at="2024-01-23T13:53:21 IST" duration-ms="153" status="PASS">
          <reporter-output>
          </reporter-output>
        </test-method> <!-- tearDown -->
        <test-method is-config="true" signature="SetUp()[pri:0, instance:com.tests.RegistrationPageTest@7dc0f706]" started-at="2024-01-23T13:53:21 IST" name="SetUp" finished-at="2024-01-23T13:53:23 IST" duration-ms="1767" status="PASS">
          <reporter-output>
          </reporter-output>
        </test-method> <!-- SetUp -->
        <test-method signature="testNopeComLogo()[pri:6, instance:com.tests.RegistrationPageTest@7dc0f706]" started-at="2024-01-23T13:53:23 IST" name="testNopeComLogo" finished-at="2024-01-23T13:53:23 IST" duration-ms="123" status="PASS">
          <reporter-output>
          </reporter-output>
        </test-method> <!-- testNopeComLogo -->
        <test-method is-config="true" signature="tearDown()[pri:0, instance:com.tests.RegistrationPageTest@7dc0f706]" started-at="2024-01-23T13:53:23 IST" name="tearDown" finished-at="2024-01-23T13:53:23 IST" duration-ms="169" status="PASS">
          <reporter-output>
          </reporter-output>
        </test-method> <!-- tearDown -->
      </class> <!-- com.tests.RegistrationPageTest -->
    </test> <!-- Surefire test -->
  </suite> <!-- Surefire suite -->
</testng-results>
